-------------------------------------------------------------------------------
Test set: MarsRover.MarsRoverTest
-------------------------------------------------------------------------------
Tests run: 1, Failures: 1, Errors: 0, Skipped: 0, Time elapsed: 0.056 s <<< FAILURE! - in MarsRover.MarsRoverTest
checkPlateau  Time elapsed: 0.052 s  <<< FAILURE!
org.opentest4j.AssertionFailedError: expected: <Hello> but was: <NO>
	at MarsRover.MarsRoverTest.checkPlateau(MarsRoverTest.java:16)

